\BOOKMARK [0][-]{chapter.1}{\376\377\000W\000e\000e\000k\000\040\0001}{}% 1
\BOOKMARK [1][-]{section.1.1}{\376\377\000A\000l\000g\000e\000b\000r\000a\000\040\000a\000n\000d\000\040\000G\000e\000o\000m\000e\000t\000r\000y}{chapter.1}% 2
\BOOKMARK [0][-]{chapter.2}{\376\377\000W\000e\000e\000k\000\040\0002}{}% 3
\BOOKMARK [1][-]{section.2.1}{\376\377\000I\000d\000e\000a\000l\000s}{chapter.2}% 4
\BOOKMARK [1][-]{section.2.2}{\376\377\000H\000i\000l\000b\000e\000r\000t\000\040\000B\000a\000s\000i\000s\000\040\000T\000h\000e\000o\000r\000e\000m}{chapter.2}% 5
\BOOKMARK [0][-]{chapter.3}{\376\377\000W\000e\000e\000k\000\040\0003}{}% 6
\BOOKMARK [1][-]{section.3.1}{\376\377\000T\000h\000e\000\040\000N\000u\000l\000l\000s\000t\000e\000l\000l\000e\000n\000s\000a\000t\000z}{chapter.3}% 7
\BOOKMARK [1][-]{section.3.2}{\376\377\000N\000u\000l\000l\000s\000t\000e\000l\000l\000e\000n\000s\000a\000t\000z\000\040\000D\000a\000y\000\040\0002}{chapter.3}% 8
\BOOKMARK [0][-]{chapter.4}{\376\377\000W\000e\000e\000k\000\040\0004}{}% 9
\BOOKMARK [1][-]{section.4.1}{\376\377\000N\000u\000l\000l\000s\000t\000e\000l\000l\000e\000n\000s\000a\000t\000z\000\040\000D\000a\000y\000\040\0003}{chapter.4}% 10
\BOOKMARK [1][-]{section.4.2}{\376\377\000P\000o\000l\000y\000n\000o\000m\000i\000a\000l\000\040\000F\000u\000n\000c\000t\000i\000o\000n\000s\000\040\000a\000n\000d\000\040\000P\000o\000l\000y\000n\000o\000m\000i\000a\000l\000\040\000M\000a\000p\000s}{chapter.4}% 11
\BOOKMARK [1][-]{section.4.3}{\376\377\000L\000a\000s\000t\000\040\000C\000l\000a\000s\000s\000\040\000C\000o\000n\000t\000i\000n\000u\000e\000d}{chapter.4}% 12
\BOOKMARK [0][-]{chapter.5}{\376\377\000W\000e\000e\000k\000\040\0005}{}% 13
\BOOKMARK [1][-]{section.5.1}{\376\377\000A\000l\000g\000e\000b\000r\000a\000i\000c\000\040\000S\000u\000b\000s\000e\000t}{chapter.5}% 14
\BOOKMARK [1][-]{section.5.2}{\376\377\000I\000m\000a\000g\000e\000s\000\040\000a\000n\000d\000\040\000P\000r\000e\000i\000m\000a\000g\000e\000s}{chapter.5}% 15
\BOOKMARK [1][-]{section.5.3}{\376\377\000I\000n\000j\000e\000c\000t\000i\000v\000i\000t\000y\000\040\000a\000n\000d\000\040\000S\000u\000r\000j\000e\000c\000t\000i\000v\000i\000t\000y}{chapter.5}% 16
\BOOKMARK [0][-]{chapter.6}{\376\377\000W\000e\000e\000k\000\040\0006}{}% 17
\BOOKMARK [1][-]{section.6.1}{\376\377\000M\000o\000r\000e\000\040\000o\000n\000\040\000M\000o\000r\000p\000h\000i\000s\000m\000s}{chapter.6}% 18
\BOOKMARK [1][-]{section.6.2}{\376\377\000C\000l\000a\000s\000s\000i\000c\000a\000l\000\040\000T\000o\000p\000o\000l\000o\000g\000y}{chapter.6}% 19
\BOOKMARK [1][-]{section.6.3}{\376\377\000M\000o\000r\000e\000\040\000o\000n\000\040\000C\000l\000o\000s\000u\000r\000e\000\040\000a\000n\000d\000\040\000C\000o\000n\000t\000i\000n\000u\000i\000t\000y}{chapter.6}% 20
\BOOKMARK [1][-]{section.6.4}{\376\377\000R\000a\000t\000i\000o\000n\000a\000l\000\040\000M\000a\000p\000s}{chapter.6}% 21
\BOOKMARK [0][-]{chapter.7}{\376\377\000W\000e\000e\000k\000\040\0007}{}% 22
\BOOKMARK [1][-]{section.7.1}{\376\377\000L\000o\000c\000a\000l\000\040\000R\000i\000n\000g\000s}{chapter.7}% 23
\BOOKMARK [1][-]{section.7.2}{\376\377\000L\000o\000c\000a\000l\000\040\000r\000i\000n\000g\000s\000\040\000a\000n\000d\000\040\000P\000u\000l\000l\000b\000a\000c\000k\000s}{chapter.7}% 24
\BOOKMARK [1][-]{section.7.3}{\376\377\000T\000a\000n\000g\000e\000n\000t\000\040\000S\000p\000a\000c\000e\000s}{chapter.7}% 25
\BOOKMARK [0][-]{chapter.8}{\376\377\000W\000e\000e\000k\000\040\0008}{}% 26
\BOOKMARK [1][-]{section.8.1}{\376\377\000T\000a\000n\000g\000e\000n\000t\000\040\000C\000o\000n\000e\000s}{chapter.8}% 27
\BOOKMARK [0][-]{chapter.9}{\376\377\000W\000e\000e\000k\000\040\0009}{}% 28
\BOOKMARK [1][-]{section.9.1}{\376\377\000I\000n\000t\000e\000r\000s\000e\000c\000t\000i\000o\000n\000\040\000M\000u\000l\000t\000i\000p\000l\000i\000c\000i\000t\000y}{chapter.9}% 29
\BOOKMARK [1][-]{section.9.2}{\376\377\000C\000o\000m\000p\000u\000t\000i\000n\000g\000\040\000I\000P\000\050\000f\000,\000\040\000g\000\051}{chapter.9}% 30
\BOOKMARK [0][-]{chapter.10}{\376\377\000W\000e\000e\000k\000\040\0001\0000}{}% 31
\BOOKMARK [1][-]{section.10.1}{\376\377\000P\000r\000o\000j\000e\000c\000t\000i\000v\000e\000\040\000S\000p\000a\000c\000e}{chapter.10}% 32
\BOOKMARK [1][-]{section.10.2}{\376\377\000P\000r\000o\000j\000e\000c\000t\000i\000v\000e\000\040\000A\000l\000g\000e\000b\000r\000a\000i\000c\000\040\000S\000e\000t\000s}{chapter.10}% 33
\BOOKMARK [0][-]{chapter.11}{\376\377\000W\000e\000e\000k\000\040\0001\0001}{}% 34
\BOOKMARK [1][-]{section.11.1}{\376\377\000P\000r\000o\000j\000e\000c\000t\000i\000v\000e\000\040\000A\000l\000g\000e\000b\000r\000a\000i\000c\000\040\000S\000e\000t\000s}{chapter.11}% 35
\BOOKMARK [1][-]{section.11.2}{\376\377\000P\000r\000o\000j\000e\000c\000t\000i\000v\000e\000\040\000Z\000a\000r\000i\000s\000k\000i\000\040\000T\000o\000p\000o\000l\000o\000g\000y}{chapter.11}% 36
\BOOKMARK [1][-]{section.11.3}{\376\377\000H\000o\000m\000o\000g\000e\000n\000e\000o\000u\000s\000\040\000C\000o\000o\000r\000d\000i\000n\000a\000t\000e\000\040\000R\000i\000n\000g\000s}{chapter.11}% 37
\BOOKMARK [1][-]{section.11.4}{\376\377\000M\000o\000r\000p\000h\000i\000s\000m\000s\000\040\000o\000f\000\040\000P\000r\000o\000j\000e\000c\000t\000i\000v\000e\000\040\000A\000l\000g\000e\000b\000r\000a\000i\000c\000\040\000S\000e\000t\000s}{chapter.11}% 38
\BOOKMARK [0][-]{chapter.12}{\376\377\000W\000e\000e\000k\000\040\0001\0002}{}% 39
\BOOKMARK [1][-]{section.12.1}{\376\377\000M\000o\000r\000p\000h\000i\000s\000m\000s\000\040\000C\000o\000n\000t\000i\000n\000u\000e\000d}{chapter.12}% 40
\BOOKMARK [1][-]{section.12.2}{\376\377\000P\000r\000o\000j\000e\000c\000t\000i\000v\000e\000\040\000C\000h\000a\000n\000g\000e\000\040\000o\000f\000\040\000C\000o\000o\000r\000d\000i\000n\000a\000t\000e\000s}{chapter.12}% 41
\BOOKMARK [1][-]{section.12.3}{\376\377\000E\000x\000a\000m\000p\000l\000e\000s\000\040\000o\000f\000\040\000M\000o\000r\000p\000h\000i\000s\000m\000s}{chapter.12}% 42
\BOOKMARK [0][-]{chapter.13}{\376\377\000W\000e\000e\000k\000\040\0001\0003}{}% 43
\BOOKMARK [1][-]{section.13.1}{\376\377\000S\000e\000g\000r\000e\000\040\000E\000m\000b\000e\000d\000d\000i\000n\000g}{chapter.13}% 44
\BOOKMARK [1][-]{section.13.2}{\376\377\000R\000a\000t\000i\000o\000n\000a\000l\000\040\000F\000u\000n\000c\000t\000i\000o\000n\000s}{chapter.13}% 45
\BOOKMARK [1][-]{section.13.3}{\376\377\000L\000o\000c\000a\000l\000\040\000R\000i\000n\000g}{chapter.13}% 46
\BOOKMARK [0][-]{chapter.14}{\376\377\000W\000e\000e\000k\000\040\0001\0004}{}% 47
\BOOKMARK [0][-]{chapter.15}{\376\377\000W\000e\000e\000k\000\040\0001\0005}{}% 48
\BOOKMARK [1][-]{section.15.1}{\376\377\000C\000i\000r\000c\000l\000e\000s\000\040\000o\000f\000\040\000A\000p\000o\000l\000l\000o\000n\000i\000u\000s}{chapter.15}% 49
