\BOOKMARK [0][-]{chapter.1}{\376\377\000W\000e\000e\000k\000\040\0001}{}% 1
\BOOKMARK [1][-]{section.1.1}{\376\377\000A\000b\000s\000o\000l\000u\000t\000e\000\040\000V\000a\000l\000u\000e\000s\000\040\000\050\000R\000o\000s\000s\000\040\0003\000\051}{chapter.1}% 2
\BOOKMARK [1][-]{section.1.2}{\376\377\000L\000o\000w\000e\000r\000\040\000a\000n\000d\000\040\000U\000p\000p\000e\000r\000\040\000B\000o\000u\000n\000d\000s\000/\000\040\000C\000o\000m\000p\000l\000e\000t\000e\000n\000e\000s\000s\000\040\000A\000x\000i\000o\000m}{chapter.1}% 3
\BOOKMARK [0][-]{chapter.2}{\376\377\000W\000e\000e\000k\000\040\0002}{}% 4
\BOOKMARK [1][-]{section.2.1}{\376\377\000S\000e\000q\000u\000e\000n\000c\000e\000\040\000a\000n\000d\000\040\000C\000o\000n\000v\000e\000r\000g\000e\000n\000c\000e}{chapter.2}% 5
\BOOKMARK [1][-]{section.2.2}{\376\377\000D\000i\000v\000e\000r\000g\000e\000n\000c\000e}{chapter.2}% 6
\BOOKMARK [1][-]{section.2.3}{\376\377\000L\000i\000m\000i\000t\000\040\000T\000h\000e\000o\000r\000e\000m\000s}{chapter.2}% 7
\BOOKMARK [0][-]{chapter.3}{\376\377\000W\000e\000e\000k\000\040\0003}{}% 8
\BOOKMARK [1][-]{section.3.1}{\376\377\000E\000x\000a\000m\000p\000l\000e\000s}{chapter.3}% 9
\BOOKMARK [1][-]{section.3.2}{\376\377\000M\000o\000r\000e\000\040\000o\000n\000\040\000C\000o\000n\000v\000e\000r\000g\000e\000n\000c\000e\000\040\000a\000n\000d\000\040\000D\000i\000v\000e\000r\000g\000e\000n\000c\000e}{chapter.3}% 10
\BOOKMARK [0][-]{chapter.4}{\376\377\000W\000e\000e\000k\000\040\0004}{}% 11
\BOOKMARK [1][-]{section.4.1}{\376\377\000C\000a\000u\000c\000h\000y\000\040\000S\000e\000q\000u\000e\000n\000c\000e}{chapter.4}% 12
\BOOKMARK [1][-]{section.4.2}{\376\377\000S\000u\000b\000s\000e\000q\000u\000e\000n\000c\000e\000s}{chapter.4}% 13
\BOOKMARK [1][-]{section.4.3}{\376\377\000S\000u\000b\000s\000e\000q\000u\000e\000n\000c\000e\000s\000\040\000C\000o\000n\000t\000i\000n\000u\000e\000d}{chapter.4}% 14
\BOOKMARK [1][-]{section.4.4}{\376\377\000M\000o\000r\000e\000\040\000o\000n\000\040\000l\000i\000m\000s\000u\000p\000\040\000a\000n\000d\000\040\000l\000i\000m\000i\000n\000f}{chapter.4}% 15
\BOOKMARK [0][-]{chapter.5}{\376\377\000W\000e\000e\000k\000\040\0005}{}% 16
\BOOKMARK [1][-]{section.5.1}{\376\377\000M\000e\000t\000r\000i\000c\000s}{chapter.5}% 17
\BOOKMARK [1][-]{section.5.2}{\376\377\000T\000o\000p\000o\000l\000o\000g\000y\000\040\000o\000n\000\040\000a\000\040\000M\000e\000t\000r\000i\000c\000\040\000S\000p\000a\000c\000e}{chapter.5}% 18
\BOOKMARK [1][-]{section.5.3}{\376\377\000M\000o\000r\000e\000\040\000o\000n\000\040\000C\000l\000o\000s\000e\000d\000\040\000a\000n\000d\000\040\000O\000p\000e\000n\000\040\000S\000e\000t\000s}{chapter.5}% 19
\BOOKMARK [0][-]{chapter.6}{\376\377\000W\000e\000e\000k\000\040\0006}{}% 20
\BOOKMARK [1][-]{section.6.1}{\376\377\000S\000e\000r\000i\000e\000s}{chapter.6}% 21
\BOOKMARK [1][-]{section.6.2}{\376\377\000S\000u\000m\000m\000a\000t\000i\000o\000n\000\040\000S\000e\000r\000i\000e\000s\000\040\000C\000o\000n\000t\000i\000n\000u\000e\000d}{chapter.6}% 22
\BOOKMARK [0][-]{chapter.7}{\376\377\000W\000e\000e\000k\000\040\0007}{}% 23
\BOOKMARK [1][-]{section.7.1}{\376\377\000C\000o\000n\000t\000i\000n\000u\000o\000u\000s\000\040\000F\000u\000n\000c\000t\000i\000o\000n\000s}{chapter.7}% 24
\BOOKMARK [1][-]{section.7.2}{\376\377\000C\000o\000n\000t\000i\000n\000u\000o\000u\000s\000\040\000F\000u\000n\000c\000t\000i\000o\000n\000s\000\040\000C\000o\000n\000t\000i\000n\000u\000e\000d}{chapter.7}% 25
\BOOKMARK [1][-]{section.7.3}{\376\377\000I\000n\000t\000e\000r\000m\000e\000d\000i\000a\000t\000e\000\040\000V\000a\000l\000u\000e\000\040\000T\000h\000e\000o\000r\000e\000m}{chapter.7}% 26
\BOOKMARK [0][-]{chapter.8}{\376\377\000W\000e\000e\000k\000\040\0008}{}% 27
\BOOKMARK [1][-]{section.8.1}{\376\377\000U\000n\000i\000f\000o\000r\000m\000\040\000C\000o\000n\000t\000i\000n\000u\000i\000t\000y}{chapter.8}% 28
\BOOKMARK [1][-]{section.8.2}{\376\377\000L\000i\000m\000i\000t\000s\000\040\000o\000f\000\040\000F\000u\000n\000c\000t\000i\000o\000n\000s}{chapter.8}% 29
\BOOKMARK [0][-]{chapter.9}{\376\377\000W\000e\000e\000k\000\040\0009}{}% 30
\BOOKMARK [1][-]{section.9.1}{\376\377\000C\000o\000n\000t\000i\000n\000u\000i\000t\000y\000\040\000o\000n\000\040\000M\000e\000t\000r\000i\000c\000\040\000S\000p\000a\000c\000e\000s}{chapter.9}% 31
\BOOKMARK [1][-]{section.9.2}{\376\377\000M\000e\000t\000r\000i\000c\000\040\000S\000p\000a\000c\000e\000s\000\040\000a\000n\000d\000\040\000C\000o\000n\000n\000e\000c\000t\000e\000d\000n\000e\000s\000s}{chapter.9}% 32
\BOOKMARK [0][-]{chapter.10}{\376\377\000W\000e\000e\000k\000\040\0001\0000}{}% 33
\BOOKMARK [1][-]{section.10.1}{\376\377\000P\000o\000w\000e\000r\000\040\000S\000e\000r\000i\000e\000s}{chapter.10}% 34
\BOOKMARK [0][-]{chapter.11}{\376\377\000W\000e\000e\000k\000\040\0001\0001}{}% 35
\BOOKMARK [1][-]{section.11.1}{\376\377\000S\000e\000r\000i\000e\000s\000\040\000o\000f\000\040\000F\000u\000n\000c\000t\000i\000o\000n\000s}{chapter.11}% 36
\BOOKMARK [1][-]{section.11.2}{\376\377\000D\000e\000r\000i\000v\000a\000t\000i\000v\000e\000\040\000a\000n\000d\000\040\000I\000n\000t\000e\000g\000r\000a\000l\000\040\000o\000f\000\040\000P\000o\000w\000e\000r\000\040\000S\000e\000r\000i\000e\000s}{chapter.11}% 37
\BOOKMARK [0][-]{chapter.12}{\376\377\000W\000e\000e\000k\000\040\0001\0002}{}% 38
\BOOKMARK [1][-]{section.12.1}{\376\377\000D\000e\000r\000i\000v\000a\000t\000i\000v\000e\000s}{chapter.12}% 39
\BOOKMARK [1][-]{section.12.2}{\376\377\000M\000e\000a\000n\000\040\000V\000a\000l\000u\000e\000\040\000T\000h\000e\000o\000r\000e\000m}{chapter.12}% 40
\BOOKMARK [0][-]{chapter.13}{\376\377\000W\000e\000e\000k\000\040\0001\0003}{}% 41
\BOOKMARK [1][-]{section.13.1}{\376\377\000D\000e\000r\000i\000v\000a\000t\000i\000v\000e\000\040\000o\000f\000\040\000I\000n\000v\000e\000r\000s\000e\000\040\000F\000u\000n\000c\000t\000i\000o\000n\000s}{chapter.13}% 42
\BOOKMARK [0][-]{chapter.14}{\376\377\000W\000e\000e\000k\000\040\0001\0004}{}% 43
\BOOKMARK [1][-]{section.14.1}{\376\377\000R\000i\000e\000m\000a\000n\000n\000\040\000I\000n\000t\000e\000g\000r\000a\000l}{chapter.14}% 44
\BOOKMARK [0][-]{chapter.15}{\376\377\000W\000e\000e\000k\000\040\0001\0005}{}% 45
\BOOKMARK [1][-]{section.15.1}{\376\377\000P\000r\000o\000p\000e\000r\000t\000i\000e\000s\000\040\000o\000f\000\040\000I\000n\000t\000e\000g\000r\000a\000l\000s}{chapter.15}% 46
\BOOKMARK [1][-]{section.15.2}{\376\377\000F\000u\000n\000d\000a\000m\000e\000n\000t\000a\000l\000\040\000T\000h\000e\000o\000r\000e\000m\000\040\000o\000f\000\040\000C\000a\000l\000c\000u\000l\000u\000s}{chapter.15}% 47
